0 info it worked if it ends with ok
1 verbose cli [ 'node',
1 verbose cli   '/Users/julienplefebvre/.nvm/v0.10.40/bin/npm',
1 verbose cli   'start' ]
2 info using npm@3.3.12
3 info using node@v0.10.40
4 verbose stack Error: Failed to parse json
4 verbose stack Unexpected token 't' at 8:6
4 verbose stack     "test": "echo \"Error: no test specified\" && exit 1"
4 verbose stack      ^
4 verbose stack     at parseError (/Users/julienplefebvre/.nvm/v0.10.40/lib/node_modules/npm/node_modules/read-package-json/read-json.js:379:11)
4 verbose stack     at parseJson (/Users/julienplefebvre/.nvm/v0.10.40/lib/node_modules/npm/node_modules/read-package-json/read-json.js:68:23)
4 verbose stack     at /Users/julienplefebvre/.nvm/v0.10.40/lib/node_modules/npm/node_modules/read-package-json/read-json.js:48:5
4 verbose stack     at /Users/julienplefebvre/.nvm/v0.10.40/lib/node_modules/npm/node_modules/graceful-fs/graceful-fs.js:76:16
4 verbose stack     at fs.js:272:14
4 verbose stack     at /Users/julienplefebvre/.nvm/v0.10.40/lib/node_modules/npm/node_modules/graceful-fs/graceful-fs.js:42:10
4 verbose stack     at Object.oncomplete (fs.js:108:15)
5 verbose cwd /Users/julienplefebvre/Desktop/exercice/node/react-seed
6 error Darwin 15.0.0
7 error argv "node" "/Users/julienplefebvre/.nvm/v0.10.40/bin/npm" "start"
8 error node v0.10.40
9 error npm  v3.3.12
10 error file /Users/julienplefebvre/Desktop/exercice/node/react-seed/package.json
11 error code EJSONPARSE
12 error Failed to parse json
12 error Unexpected token 't' at 8:6
12 error     "test": "echo \"Error: no test specified\" && exit 1"
12 error      ^
13 error File: /Users/julienplefebvre/Desktop/exercice/node/react-seed/package.json
14 error Failed to parse package.json data.
14 error package.json must be actual JSON, not just JavaScript.
14 error
14 error This is not a bug in npm.
14 error Tell the package author to fix their package.json file. JSON.parse
15 verbose exit [ 1, true ]
